  main.cpp
c:\users\tony\documents\visual studio 2015\projects\lab1\lab1\MyForm.h(709): warning C4267: 'argument': conversion from 'size_t' to 'int', possible loss of data
c:\users\tony\documents\visual studio 2015\projects\lab1\lab1\MyForm.h(710): warning C4244: 'argument': conversion from 'int' to 'float', possible loss of data
c:\users\tony\documents\visual studio 2015\projects\lab1\lab1\MyForm.h(718): warning C4267: 'argument': conversion from 'size_t' to 'int', possible loss of data
c:\users\tony\documents\visual studio 2015\projects\lab1\lab1\MyForm.h(719): warning C4244: 'argument': conversion from 'int' to 'float', possible loss of data
c:\users\tony\documents\visual studio 2015\projects\lab1\lab1\MyForm.h(817): warning C4305: 'initializing': truncation from 'double' to 'float'
c:\users\tony\documents\visual studio 2015\projects\lab1\lab1\MyForm.h(821): warning C4101: 'faceRects': unreferenced local variable
c:\users\tony\documents\visual studio 2015\projects\lab1\lab1\MyForm.h(850): warning C4305: 'initializing': truncation from 'double' to 'float'
c:\users\tony\documents\visual studio 2015\projects\lab1\lab1\MyForm.h(853): warning C4101: 'faceRects': unreferenced local variable
c:\opencv\build\include\opencv2\core\cvstd.hpp(596): warning C4793: 'cv::String::String': function compiled as native:
  	Found an intrinsic not supported in managed code
c:\opencv\build\include\opencv2\core\cuda.inl.hpp(105): warning C4793: 'cv::cuda::GpuMat::GpuMat': function compiled as native:
  	Found an intrinsic not supported in managed code
c:\opencv\build\include\opencv2\core\cuda.inl.hpp(395): warning C4793: 'cv::cuda::HostMem::HostMem': function compiled as native:
  	Found an intrinsic not supported in managed code
c:\opencv\build\include\opencv2\core\mat.inl.hpp(413): warning C4793: 'cv::Mat::Mat': function compiled as native:
  	Found an intrinsic not supported in managed code
c:\opencv\build\include\opencv2\core\fast_math.hpp(97): warning C4793: '`anonymous namespace'::cvRound': function compiled as native:
  	Found an intrinsic not supported in managed code
c:\opencv\build\include\opencv2\core\fast_math.hpp(98): warning C4793: '`anonymous namespace'::cvRound': function compiled as native:
  	Found an intrinsic not supported in managed code
c:\opencv\build\include\opencv2\core\fast_math.hpp(205): warning C4793: '`anonymous namespace'::cvRound': function compiled as native:
  	Found an intrinsic not supported in managed code
c:\opencv\build\include\opencv2\core\fast_math.hpp(206): warning C4793: '`anonymous namespace'::cvRound': function compiled as native:
  	Found an intrinsic not supported in managed code
c:\opencv\build\include\opencv2\core\mat.inl.hpp(703): warning C4793: 'cv::Mat::release': function compiled as native:
  	Found an intrinsic not supported in managed code
c:\opencv\build\include\opencv2\core\mat.inl.hpp(1929): warning C4793: 'cv::SparseMat::addref': function compiled as native:
  	Found an intrinsic not supported in managed code
c:\opencv\build\include\opencv2\core\mat.inl.hpp(3530): warning C4793: 'cv::UMat::addref': function compiled as native:
  	Found an intrinsic not supported in managed code
c:\opencv\build\include\opencv2\core\ptr.inl.hpp(67): warning C4793: 'cv::detail::PtrOwner::incRef': function compiled as native:
  	Found an intrinsic not supported in managed code
c:\opencv\build\include\opencv2\core\ptr.inl.hpp(72): warning C4793: 'cv::detail::PtrOwner::decRef': function compiled as native:
  	Found an intrinsic not supported in managed code
c:\opencv\build\include\opencv2\core\cvstd.hpp(673): warning C4793: 'cv::String::operator=': function compiled as native:
  	Found an intrinsic not supported in managed code
  main.obj : /DEBUG:FASTLINK is not supported when managed code is present; restarting link with /DEBUG:FULL
main.obj : warning LNK4248: unresolved typeref token (01000022) for 'CvCapture'; image may not run
main.obj : warning LNK4248: unresolved typeref token (01000023) for 'cv.IVideoCapture'; image may not run
  Lab1.vcxproj -> C:\Users\Tony\documents\visual studio 2015\Projects\Lab1\x64\Debug\Lab1.exe
  Lab1.vcxproj -> C:\Users\Tony\documents\visual studio 2015\Projects\Lab1\x64\Debug\Lab1.pdb (Partial PDB)
