c:\users\tony\documents\visual studio 2015\projects\lab1\lab1\x64\debug\vc140.pdb
c:\users\tony\documents\visual studio 2015\projects\lab1\lab1\x64\debug\myform.obj
c:\users\tony\documents\visual studio 2015\projects\lab1\lab1\x64\debug\main.obj
c:\users\tony\documents\visual studio 2015\projects\lab1\lab1\x64\debug\.netframework,version=v4.5.2.assemblyattributes.obj
c:\users\tony\documents\visual studio 2015\projects\lab1\lab1\x64\debug\.netframework,version=v4.5.2.assemblyattributes.asm
c:\users\tony\documents\visual studio 2015\projects\lab1\lab1\x64\debug\lab1.myform.resources
c:\users\tony\documents\visual studio 2015\projects\lab1\lab1\x64\debug\lab1.vcxproj.generateresource.cache
c:\users\tony\documents\visual studio 2015\projects\lab1\x64\debug\lab1.pdb
c:\users\tony\documents\visual studio 2015\projects\lab1\lab1\x64\debug\lab1.tlog\cl.command.1.tlog
c:\users\tony\documents\visual studio 2015\projects\lab1\lab1\x64\debug\lab1.tlog\cl.read.1.tlog
c:\users\tony\documents\visual studio 2015\projects\lab1\lab1\x64\debug\lab1.tlog\cl.write.1.tlog
c:\users\tony\documents\visual studio 2015\projects\lab1\lab1\x64\debug\lab1.tlog\lab1.write.1u.tlog
c:\users\tony\documents\visual studio 2015\projects\lab1\lab1\x64\debug\lab1.tlog\link.12144.1564-cvtres.read.1.tlog
c:\users\tony\documents\visual studio 2015\projects\lab1\lab1\x64\debug\lab1.tlog\link.12144.1564-cvtres.write.1.tlog
c:\users\tony\documents\visual studio 2015\projects\lab1\lab1\x64\debug\lab1.tlog\link.12144.1564-rc.read.1.tlog
c:\users\tony\documents\visual studio 2015\projects\lab1\lab1\x64\debug\lab1.tlog\link.12144.1564-rc.write.1.tlog
c:\users\tony\documents\visual studio 2015\projects\lab1\lab1\x64\debug\lab1.tlog\link.12144.1564.read.1.tlog
c:\users\tony\documents\visual studio 2015\projects\lab1\lab1\x64\debug\lab1.tlog\link.12144.1564.write.1.tlog
c:\users\tony\documents\visual studio 2015\projects\lab1\lab1\x64\debug\lab1.tlog\link.12144.read.1.tlog
c:\users\tony\documents\visual studio 2015\projects\lab1\lab1\x64\debug\lab1.tlog\link.12144.write.1.tlog
c:\users\tony\documents\visual studio 2015\projects\lab1\lab1\x64\debug\lab1.tlog\link.command.1.tlog
c:\users\tony\documents\visual studio 2015\projects\lab1\lab1\x64\debug\lab1.tlog\link.read.1.tlog
c:\users\tony\documents\visual studio 2015\projects\lab1\lab1\x64\debug\lab1.tlog\link.write.1.tlog
c:\users\tony\documents\visual studio 2015\projects\lab1\lab1\x64\debug\lab1.tlog\metagen.read.1.tlog
c:\users\tony\documents\visual studio 2015\projects\lab1\lab1\x64\debug\lab1.tlog\metagen.write.1.tlog
c:\users\tony\documents\visual studio 2015\projects\lab1\lab1\x64\debug\lab1.tlog\tzres.dll.bi
